# JRE version: OpenJDK Runtime Environment Temurin-17.0.3+7 (17.0.3+7) (build 17.0.3+7)
# Java VM: OpenJDK 64-Bit Server VM Temurin-17.0.3+7 (17.0.3+7, mixed mode, emulated-client, tiered, compressed oops, compressed class ptrs, g1 gc, windows-amd64)
GC Precious Log:
 CPUs: 8 total, 8 available
 Memory: 10187M
 Large Page Support: Disabled
 NUMA Support: Disabled
 Compressed Oops: Enabled (Zero based)
 Heap Region Size: 2M
 Heap Min Capacity: 8M
 Heap Initial Capacity: 160M
 Heap Max Capacity: 2548M
 Pre-touch: Disabled
 Parallel Workers: 8
 Concurrent Workers: 2
 Concurrent Refinement Workers: 8
 Periodic GC: Disabled
Heap:
 garbage-first heap   total 110592K, used 32298K [0x0000000760c00000, 0x0000000800000000)
  region size 2048K, 1 young (2048K), 0 survivors (0K)
 Metaspace       used 45275K, committed 45760K, reserved 1089536K
  class space    used 6135K, committed 6336K, reserved 1048576K
GC Heap History (20 events):
Event: 4811.816 GC heap before
{Heap before GC invocations=498 (full 460):
 garbage-first heap   total 110592K, used 32298K [0x0000000760c00000, 0x0000000800000000)
  region size 2048K, 1 young (2048K), 0 survivors (0K)
 Metaspace       used 45275K, committed 45760K, reserved 1089536K
  class space    used 6135K, committed 6336K, reserved 1048576K
}
Event: 4811.872 GC heap after
{Heap after GC invocations=499 (full 461):
 garbage-first heap   total 110592K, used 32298K [0x0000000760c00000, 0x0000000800000000)
  region size 2048K, 0 young (0K), 0 survivors (0K)
 Metaspace       used 45275K, committed 45760K, reserved 1089536K
  class space    used 6135K, committed 6336K, reserved 1048576K
}
Event: 4822.116 GC heap before
{Heap before GC invocations=499 (full 461):
 garbage-first heap   total 110592K, used 32298K [0x0000000760c00000, 0x0000000800000000)
  region size 2048K, 1 young (2048K), 0 survivors (0K)
 Metaspace       used 45275K, committed 45760K, reserved 1089536K
  class space    used 6135K, committed 6336K, reserved 1048576K
}
Event: 4822.159 GC heap after
{Heap after GC invocations=500 (full 462):
 garbage-first heap   total 110592K, used 32298K [0x0000000760c00000, 0x0000000800000000)
  region size 2048K, 0 young (0K), 0 survivors (0K)
 Metaspace       used 45275K, committed 45760K, reserved 1089536K
  class space    used 6135K, committed 6336K, reserved 1048576K
}
Event: 4832.415 GC heap before
{Heap before GC invocations=500 (full 462):
 garbage-first heap   total 110592K, used 32298K [0x0000000760c00000, 0x0000000800000000)
  region size 2048K, 1 young (2048K), 0 survivors (0K)
 Metaspace       used 45275K, committed 45760K, reserved 1089536K
  class space    used 6135K, committed 6336K, reserved 1048576K
}
Event: 4832.463 GC heap after
{Heap after GC invocations=501 (full 463):
 garbage-first heap   total 110592K, used 32298K [0x0000000760c00000, 0x0000000800000000)
  region size 2048K, 0 young (0K), 0 survivors (0K)
 Metaspace       used 45275K, committed 45760K, reserved 1089536K
  class space    used 6135K, committed 6336K, reserved 1048576K
}
Event: 4842.678 GC heap before
{Heap before GC invocations=501 (full 463):
 garbage-first heap   total 110592K, used 32298K [0x0000000760c00000, 0x0000000800000000)
  region size 2048K, 1 young (2048K), 0 survivors (0K)
 Metaspace       used 45275K, committed 45760K, reserved 1089536K
  class space    used 6135K, committed 6336K, reserved 1048576K
}
Event: 4842.722 GC heap after
{Heap after GC invocations=502 (full 464):
 garbage-first heap   total 110592K, used 32298K [0x0000000760c00000, 0x0000000800000000)
  region size 2048K, 0 young (0K), 0 survivors (0K)
 Metaspace       used 45275K, committed 45760K, reserved 1089536K
  class space    used 6135K, committed 6336K, reserved 1048576K
}
Event: 4852.962 GC heap before
{Heap before GC invocations=502 (full 464):
 garbage-first heap   total 110592K, used 32298K [0x0000000760c00000, 0x0000000800000000)
  region size 2048K, 1 young (2048K), 0 survivors (0K)
 Metaspace       used 45275K, committed 45760K, reserved 1089536K
  class space    used 6135K, committed 6336K, reserved 1048576K
}
Event: 4853.014 GC heap after
{Heap after GC invocations=503 (full 465):
 garbage-first heap   total 110592K, used 32298K [0x0000000760c00000, 0x0000000800000000)
  region size 2048K, 0 young (0K), 0 survivors (0K)
 Metaspace       used 45275K, committed 45760K, reserved 1089536K
  class space    used 6135K, committed 6336K, reserved 1048576K
}
Event: 4863.250 GC heap before
{Heap before GC invocations=503 (full 465):
 garbage-first heap   total 110592K, used 32298K [0x0000000760c00000, 0x0000000800000000)
  region size 2048K, 1 young (2048K), 0 survivors (0K)
 Metaspace       used 45275K, committed 45760K, reserved 1089536K
  class space    used 6135K, committed 6336K, reserved 1048576K
}
Event: 4863.301 GC heap after
{Heap after GC invocations=504 (full 466):
 garbage-first heap   total 110592K, used 32298K [0x0000000760c00000, 0x0000000800000000)
  region size 2048K, 0 young (0K), 0 survivors (0K)
 Metaspace       used 45275K, committed 45760K, reserved 1089536K
  class space    used 6135K, committed 6336K, reserved 1048576K
}
Event: 4873.524 GC heap before
{Heap before GC invocations=504 (full 466):
 garbage-first heap   total 110592K, used 32298K [0x0000000760c00000, 0x0000000800000000)
  region size 2048K, 1 young (2048K), 0 survivors (0K)
 Metaspace       used 45275K, committed 45760K, reserved 1089536K
  class space    used 6135K, committed 6336K, reserved 1048576K
}
Event: 4873.570 GC heap after
{Heap after GC invocations=505 (full 467):
 garbage-first heap   total 110592K, used 32298K [0x0000000760c00000, 0x0000000800000000)
  region size 2048K, 0 young (0K), 0 survivors (0K)
 Metaspace       used 45275K, committed 45760K, reserved 1089536K
  class space    used 6135K, committed 6336K, reserved 1048576K
}
Event: 4883.894 GC heap before
{Heap before GC invocations=505 (full 467):
 garbage-first heap   total 110592K, used 32298K [0x0000000760c00000, 0x0000000800000000)
  region size 2048K, 1 young (2048K), 0 survivors (0K)
 Metaspace       used 45275K, committed 45760K, reserved 1089536K
  class space    used 6135K, committed 6336K, reserved 1048576K
}
Event: 4883.947 GC heap after
{Heap after GC invocations=506 (full 468):
 garbage-first heap   total 110592K, used 32298K [0x0000000760c00000, 0x0000000800000000)
  region size 2048K, 0 young (0K), 0 survivors (0K)
 Metaspace       used 45275K, committed 45760K, reserved 1089536K
  class space    used 6135K, committed 6336K, reserved 1048576K
}
Event: 4895.977 GC heap before
{Heap before GC invocations=506 (full 468):
 garbage-first heap   total 110592K, used 32298K [0x0000000760c00000, 0x0000000800000000)
  region size 2048K, 1 young (2048K), 0 survivors (0K)
 Metaspace       used 45275K, committed 45760K, reserved 1089536K
  class space    used 6135K, committed 6336K, reserved 1048576K
}
Event: 4896.058 GC heap after
{Heap after GC invocations=507 (full 469):
 garbage-first heap   total 110592K, used 32298K [0x0000000760c00000, 0x0000000800000000)
  region size 2048K, 0 young (0K), 0 survivors (0K)
 Metaspace       used 45275K, committed 45760K, reserved 1089536K
  class space    used 6135K, committed 6336K, reserved 1048576K
}
Event: 4906.616 GC heap before
{Heap before GC invocations=507 (full 469):
 garbage-first heap   total 110592K, used 32298K [0x0000000760c00000, 0x0000000800000000)
  region size 2048K, 1 young (2048K), 0 survivors (0K)
 Metaspace       used 45275K, committed 45760K, reserved 1089536K
  class space    used 6135K, committed 6336K, reserved 1048576K
}
Event: 4906.704 GC heap after
{Heap after GC invocations=508 (full 470):
 garbage-first heap   total 110592K, used 32298K [0x0000000760c00000, 0x0000000800000000)
  region size 2048K, 0 young (0K), 0 survivors (0K)
 Metaspace       used 45275K, committed 45760K, reserved 1089536K
  class space    used 6135K, committed 6336K, reserved 1048576K
}

